<?xml version="1.0" encoding="UTF-8"?>
<!-- Generated by org.testng.reporters.JUnitXMLReporter -->
<testsuite hostname="LAPTOP-CGDPEO78" ignored="0" name="Default test" tests="4" failures="0" timestamp="26 Feb 2023 14:35:47 GMT" time="161.705" errors="0">
  <testcase name="testCreateCustomer" time="16.261" classname="tasks.CreateCustomer"/>
  <testcase name="testDeleteCustomer" time="23.995" classname="tasks.DeleteCustomer"/>
  <testcase name="testCreateUser" time="13.833" classname="users.CreateUser"/>
  <testcase name="testDeleteUser" time="16.031" classname="users.DeleteUser"/>
</testsuite> <!-- Default test -->
